c:\users\pablo g贸mez\desktop\igparte2\freeglut project 3d\debug\vc120.pdb
c:\users\usuario\desktop\igparte2\freeglut project 3d\debug\vc120.pdb
c:\users\usuario\desktop\igparte2\freeglut project 3d\debug\vc120.idb
c:\users\usuario\desktop\igparte2\freeglut project 3d\debug\camara.obj
c:\users\usuario\desktop\igparte2\freeglut project 3d\debug\cara.obj
c:\users\usuario\desktop\igparte2\freeglut project 3d\debug\falsotetraedro.obj
c:\users\usuario\desktop\igparte2\freeglut project 3d\debug\hipotrocoide.obj
c:\users\usuario\desktop\igparte2\freeglut project 3d\debug\malla.obj
c:\users\usuario\desktop\igparte2\freeglut project 3d\debug\puntovector3d.obj
c:\users\usuario\desktop\igparte2\freeglut project 3d\debug\verticenormal.obj
c:\users\usuario\desktop\igparte2\freeglut project 3d\debug\main.obj
c:\users\pablo g贸mez\desktop\igparte2\debug\freeglut project 3d.ilk
c:\users\pablo g贸mez\desktop\igparte2\debug\freeglut project 3d.exe
c:\users\pablo g贸mez\desktop\igparte2\debug\freeglut project 3d.pdb
c:\users\usuario\desktop\igparte2\debug\freeglut project 3d.ilk
c:\users\usuario\desktop\igparte2\debug\freeglut project 3d.exe
c:\users\usuario\desktop\igparte2\debug\freeglut project 3d.pdb
c:\users\usuario\desktop\igparte2\freeglut project 3d\debug\freeglut.7b0bffd4.tlog\cl.command.1.tlog
c:\users\usuario\desktop\igparte2\freeglut project 3d\debug\freeglut.7b0bffd4.tlog\cl.read.1.tlog
c:\users\usuario\desktop\igparte2\freeglut project 3d\debug\freeglut.7b0bffd4.tlog\cl.write.1.tlog
c:\users\usuario\desktop\igparte2\freeglut project 3d\debug\freeglut.7b0bffd4.tlog\link.command.1.tlog
c:\users\usuario\desktop\igparte2\freeglut project 3d\debug\freeglut.7b0bffd4.tlog\link.read.1.tlog
c:\users\usuario\desktop\igparte2\freeglut project 3d\debug\freeglut.7b0bffd4.tlog\link.write.1.tlog
